<?xml version="1.0" encoding="UTF-8"?>
<!-- Generated by org.testng.reporters.JUnitXMLReporter -->
<testsuite ignored="2" hostname="DESKTOP-903RSHQ" failures="0" tests="1" name="Command line test" time="6.863" errors="0" timestamp="2021-11-30T13:54:20 CET">
  <testcase classname="PriceCalculationTest" name="ViteAppTest" time="2.888"/>
  <testcase classname="BaseTest" name="@BeforeTest StartUp" time="0.0">
    <ignored/>
  </testcase> <!-- @BeforeTest StartUp -->
  <testcase classname="BaseTest" name="@AfterTest TearDown" time="0.0">
    <ignored/>
  </testcase> <!-- @AfterTest TearDown -->
</testsuite> <!-- Command line test -->
