<?xml version="1.0" encoding="UTF-8"?>
<testng-results ignored="2" total="3" passed="1" failed="0" skipped="0">
  <reporter-output>
  </reporter-output>
  <suite started-at="2021-11-30T13:54:13 CET" name="Command line suite" finished-at="2021-11-30T13:54:20 CET" duration-ms="6863">
    <groups>
    </groups>
    <test started-at="2021-11-30T13:54:13 CET" name="Command line test" finished-at="2021-11-30T13:54:20 CET" duration-ms="6863">
      <class name="PriceCalculationTest">
        <test-method is-config="true" signature="NavigateToBaseUrl()[pri:0, instance:PriceCalculationTest@15de0b3c]" started-at="2021-11-30T13:54:16 CET" name="NavigateToBaseUrl" finished-at="2021-11-30T13:54:17 CET" depends-on-methods="BaseTest.StartUp" duration-ms="629" status="PASS">
          <reporter-output>
          </reporter-output>
        </test-method> <!-- NavigateToBaseUrl -->
        <test-method signature="ViteAppTest()[pri:0, instance:PriceCalculationTest@15de0b3c]" started-at="2021-11-30T13:54:17 CET" name="ViteAppTest" finished-at="2021-11-30T13:54:19 CET" duration-ms="2888" status="PASS">
          <reporter-output>
          </reporter-output>
        </test-method> <!-- ViteAppTest -->
      </class> <!-- PriceCalculationTest -->
      <class name="BaseTest">
        <test-method is-config="true" signature="StartUp()[pri:0, instance:BaseTest@7586beff]" started-at="2021-11-30T13:54:13 CET" name="StartUp" finished-at="2021-11-30T13:54:16 CET" duration-ms="2491" status="PASS">
          <reporter-output>
          </reporter-output>
        </test-method> <!-- StartUp -->
        <test-method is-config="true" signature="TearDown()[pri:0, instance:BaseTest@7586beff]" started-at="2021-11-30T13:54:19 CET" name="TearDown" finished-at="2021-11-30T13:54:20 CET" duration-ms="838" status="PASS">
          <reporter-output>
          </reporter-output>
        </test-method> <!-- TearDown -->
      </class> <!-- BaseTest -->
    </test> <!-- Command line test -->
  </suite> <!-- Command line suite -->
</testng-results>
